-Xlint:ignore
-1.8
-encoding
UTF-8
-showWeaveInfo
-source
1.7
-target
1.8
-verbose
-classpath
/home/nvdk/.m2/repository/eu/unifiedviews/uv-dpu-api/2.1.5/uv-dpu-api-2.1.5.jar:/home/nvdk/.m2/repository/eu/unifiedviews/uv-dpu-helpers/2.1.5/uv-dpu-helpers-2.1.5.jar:/home/nvdk/.m2/repository/eu/unifiedviews/uv-dpu-config-vaadin/2.1.5/uv-dpu-config-vaadin-2.1.5.jar:/home/nvdk/.m2/repository/eu/unifiedviews/uv-dataunit-rdf/2.1.5/uv-dataunit-rdf-2.1.5.jar:/home/nvdk/.m2/repository/eu/unifiedviews/uv-dataunit-files/2.1.5/uv-dataunit-files-2.1.5.jar:/home/nvdk/.m2/repository/eu/unifiedviews/uv-dataunit-relational/2.1.5/uv-dataunit-relational-2.1.5.jar:/home/nvdk/.m2/repository/eu/unifiedviews/uv-dataunit-helpers/2.1.5/uv-dataunit-helpers-2.1.5.jar:/home/nvdk/Projects/unified-views-core/dataunit/target/dataunit-2.3.0.jar:/home/nvdk/Projects/unified-views-core/dataunit-rdf/target/dataunit-rdf-2.3.0.jar:/home/nvdk/Projects/unified-views-core/dataunit-rdf-impl/target/dataunit-rdf-impl-2.3.0.jar:/home/nvdk/Projects/unified-views-core/dataunit-file-impl/target/dataunit-file-impl-2.3.0.jar:/home/nvdk/Projects/unified-views-core/dataunit-relational-impl/target/dataunit-relational-impl-2.3.0.jar:/home/nvdk/.m2/repository/ch/qos/logback/logback-classic/1.0.13/logback-classic-1.0.13.jar:/home/nvdk/.m2/repository/org/slf4j/slf4j-api/1.7.7/slf4j-api-1.7.7.jar:/home/nvdk/.m2/repository/ch/qos/logback/logback-core/1.0.13/logback-core-1.0.13.jar:/home/nvdk/.m2/repository/com/thoughtworks/xstream/xstream/1.4.7/xstream-1.4.7.jar:/home/nvdk/.m2/repository/org/eclipse/tycho/org.eclipse.osgi/3.9.0.v20130305-2200/org.eclipse.osgi-3.9.0.v20130305-2200.jar:/home/nvdk/.m2/repository/commons-io/commons-io/2.4/commons-io-2.4.jar:/home/nvdk/.m2/repository/javax/mail/mail/1.4/mail-1.4.jar:/home/nvdk/.m2/repository/org/springframework/spring-core/3.1.4.RELEASE/spring-core-3.1.4.RELEASE.jar:/home/nvdk/.m2/repository/org/springframework/spring-context/3.1.4.RELEASE/spring-context-3.1.4.RELEASE.jar:/home/nvdk/.m2/repository/org/springframework/spring-beans/3.1.4.RELEASE/spring-beans-3.1.4.RELEASE.jar:/home/nvdk/.m2/repository/org/springframework/spring-tx/3.1.4.RELEASE/spring-tx-3.1.4.RELEASE.jar:/home/nvdk/.m2/repository/org/springframework/spring-orm/3.1.4.RELEASE/spring-orm-3.1.4.RELEASE.jar:/home/nvdk/.m2/repository/org/springframework/spring-test/3.1.4.RELEASE/spring-test-3.1.4.RELEASE.jar:/home/nvdk/.m2/repository/org/springframework/security/spring-security-core/3.1.4.RELEASE/spring-security-core-3.1.4.RELEASE.jar:/home/nvdk/.m2/repository/org/springframework/security/spring-security-config/3.1.4.RELEASE/spring-security-config-3.1.4.RELEASE.jar:/home/nvdk/.m2/repository/org/springframework/spring-aspects/3.1.4.RELEASE/spring-aspects-3.1.4.RELEASE.jar:/home/nvdk/.m2/repository/cglib/cglib/3.0/cglib-3.0.jar:/home/nvdk/.m2/repository/org/ow2/asm/asm-util/4.0/asm-util-4.0.jar:/home/nvdk/.m2/repository/com/h2database/h2/1.4.182/h2-1.4.182.jar:/home/nvdk/.m2/repository/org/eclipse/persistence/org.eclipse.persistence.core/2.5.2/org.eclipse.persistence.core-2.5.2.jar:/home/nvdk/.m2/repository/org/eclipse/persistence/org.eclipse.persistence.jpa/2.5.2/org.eclipse.persistence.jpa-2.5.2.jar:/home/nvdk/.m2/repository/org/eclipse/persistence/javax.persistence/2.1.0/javax.persistence-2.1.0.jar:/home/nvdk/.m2/repository/org/apache/commons/commons-lang3/3.4/commons-lang3-3.4.jar:/home/nvdk/.m2/repository/mysql/mysql-connector-java/5.1.37/mysql-connector-java-5.1.37.jar:/home/nvdk/.m2/repository/org/mariadb/jdbc/mariadb-java-client/1.2.3/mariadb-java-client-1.2.3.jar:/home/nvdk/.m2/repository/org/aspectj/aspectjrt/1.8.7/aspectjrt-1.8.7.jar:/home/nvdk/.m2/repository/org/aspectj/aspectjweaver/1.8.7/aspectjweaver-1.8.7.jar:/home/nvdk/.m2/repository/commons-dbcp/commons-dbcp/1.4/commons-dbcp-1.4.jar:/home/nvdk/.m2/repository/org/mockito/mockito-all/1.8.4/mockito-all-1.8.4.jar:/home/nvdk/.m2/repository/junit/junit/4.12/junit-4.12.jar:/home/nvdk/.m2/repository/org/postgresql/postgresql/9.3-1102-jdbc41/postgresql-9.3-1102-jdbc41.jar:/home/nvdk/.m2/repository/org/jasypt/jasypt/1.9.2/jasypt-1.9.2.jar:/home/nvdk/.m2/repository/org/apache/maven/maven-artifact/3.3.3/maven-artifact-3.3.3.jar:/home/nvdk/.m2/repository/org/apache/maven/plugins/maven-site-plugin/3.3/maven-site-plugin-3.3.jar:/home/nvdk/.m2/repository/javax/resource/connector-api/1.5/connector-api-1.5.jar:/home/nvdk/.m2/repository/javax/transaction/jta/1.1/jta-1.1.jar:/home/nvdk/.m2/repository/org/openrdf/sesame/sesame-model/2.8.1/sesame-model-2.8.1.jar:/home/nvdk/.m2/repository/org/openrdf/sesame/sesame-repository-api/2.8.1/sesame-repository-api-2.8.1.jar:/home/nvdk/.m2/repository/com/vaadin/vaadin-server/7.3.7/vaadin-server-7.3.7.jar:/home/nvdk/.m2/repository/com/vaadin/vaadin-sass-compiler/0.9.10/vaadin-sass-compiler-0.9.10.jar:/home/nvdk/.m2/repository/org/w3c/css/sac/1.3/sac-1.3.jar:/home/nvdk/.m2/repository/com/vaadin/external/flute/flute/1.3.0.gg2/flute-1.3.0.gg2.jar:/home/nvdk/.m2/repository/com/vaadin/vaadin-shared/7.3.7/vaadin-shared-7.3.7.jar:/home/nvdk/.m2/repository/com/vaadin/external/streamhtmlparser/streamhtmlparser-jsilver/0.0.10.vaadin1/streamhtmlparser-jsilver-0.0.10.vaadin1.jar:/home/nvdk/.m2/repository/com/vaadin/external/google/guava/16.0.1.vaadin1/guava-16.0.1.vaadin1.jar:/home/nvdk/.m2/repository/com/vaadin/external/json/json/0.0.20080701/json-0.0.20080701.jar:/home/nvdk/.m2/repository/org/jsoup/jsoup/1.6.3/jsoup-1.6.3.jar:/home/nvdk/.m2/repository/org/openrdf/sesame/sesame-config/2.8.1/sesame-config-2.8.1.jar:/home/nvdk/.m2/repository/org/openrdf/sesame/sesame-console/2.8.1/sesame-console-2.8.1.jar:/home/nvdk/.m2/repository/commons-cli/commons-cli/1.2/commons-cli-1.2.jar:/home/nvdk/.m2/repository/org/openrdf/sesame/sesame-http-client/2.8.1/sesame-http-client-2.8.1.jar:/home/nvdk/.m2/repository/org/apache/httpcomponents/httpclient/4.4/httpclient-4.4.jar:/home/nvdk/.m2/repository/org/openrdf/sesame/sesame-http-protocol/2.8.1/sesame-http-protocol-2.8.1.jar:/home/nvdk/.m2/repository/org/openrdf/sesame/sesame-query/2.8.1/sesame-query-2.8.1.jar:/home/nvdk/.m2/repository/org/openrdf/sesame/sesame-queryalgebra-evaluation/2.8.1/sesame-queryalgebra-evaluation-2.8.1.jar:/home/nvdk/.m2/repository/org/openrdf/sesame/sesame-queryalgebra-model/2.8.1/sesame-queryalgebra-model-2.8.1.jar:/home/nvdk/.m2/repository/org/openrdf/sesame/sesame-queryparser-api/2.8.1/sesame-queryparser-api-2.8.1.jar:/home/nvdk/.m2/repository/org/openrdf/sesame/sesame-queryparser-serql/2.8.1/sesame-queryparser-serql-2.8.1.jar:/home/nvdk/.m2/repository/org/openrdf/sesame/sesame-queryparser-sparql/2.8.1/sesame-queryparser-sparql-2.8.1.jar:/home/nvdk/.m2/repository/org/openrdf/sesame/sesame-queryresultio-api/2.8.1/sesame-queryresultio-api-2.8.1.jar:/home/nvdk/.m2/repository/org/openrdf/sesame/sesame-queryresultio-binary/2.8.1/sesame-queryresultio-binary-2.8.1.jar:/home/nvdk/.m2/repository/org/openrdf/sesame/sesame-queryresultio-sparqljson/2.8.1/sesame-queryresultio-sparqljson-2.8.1.jar:/home/nvdk/.m2/repository/com/fasterxml/jackson/core/jackson-core/2.4.4/jackson-core-2.4.4.jar:/home/nvdk/.m2/repository/org/openrdf/sesame/sesame-queryresultio-sparqlxml/2.8.1/sesame-queryresultio-sparqlxml-2.8.1.jar:/home/nvdk/.m2/repository/org/openrdf/sesame/sesame-queryresultio-text/2.8.1/sesame-queryresultio-text-2.8.1.jar:/home/nvdk/.m2/repository/com/opencsv/opencsv/3.2/opencsv-3.2.jar:/home/nvdk/.m2/repository/org/openrdf/sesame/sesame-repository-dataset/2.8.1/sesame-repository-dataset-2.8.1.jar:/home/nvdk/.m2/repository/org/openrdf/sesame/sesame-repository-event/2.8.1/sesame-repository-event-2.8.1.jar:/home/nvdk/.m2/repository/org/openrdf/sesame/sesame-repository-http/2.8.1/sesame-repository-http-2.8.1.jar:/home/nvdk/.m2/repository/org/openrdf/sesame/sesame-repository-manager/2.8.1/sesame-repository-manager-2.8.1.jar:/home/nvdk/.m2/repository/org/openrdf/sesame/sesame-repository-sail/2.8.1/sesame-repository-sail-2.8.1.jar:/home/nvdk/.m2/repository/org/openrdf/sesame/sesame-repository-sparql/2.8.1/sesame-repository-sparql-2.8.1.jar:/home/nvdk/.m2/repository/org/openrdf/sesame/sesame-rio-api/2.8.1/sesame-rio-api-2.8.1.jar:/home/nvdk/.m2/repository/org/openrdf/sesame/sesame-rio-binary/2.8.1/sesame-rio-binary-2.8.1.jar:/home/nvdk/.m2/repository/org/openrdf/sesame/sesame-rio-n3/2.8.1/sesame-rio-n3-2.8.1.jar:/home/nvdk/.m2/repository/org/openrdf/sesame/sesame-rio-ntriples/2.8.1/sesame-rio-ntriples-2.8.1.jar:/home/nvdk/.m2/repository/org/openrdf/sesame/sesame-rio-rdfxml/2.8.1/sesame-rio-rdfxml-2.8.1.jar:/home/nvdk/.m2/repository/org/openrdf/sesame/sesame-rio-trig/2.8.1/sesame-rio-trig-2.8.1.jar:/home/nvdk/.m2/repository/org/openrdf/sesame/sesame-rio-trix/2.8.1/sesame-rio-trix-2.8.1.jar:/home/nvdk/.m2/repository/org/openrdf/sesame/sesame-rio-turtle/2.8.1/sesame-rio-turtle-2.8.1.jar:/home/nvdk/.m2/repository/org/openrdf/sesame/sesame-rio-jsonld/2.8.1/sesame-rio-jsonld-2.8.1.jar:/home/nvdk/.m2/repository/com/github/jsonld-java/jsonld-java/0.5.1/jsonld-java-0.5.1.jar:/home/nvdk/.m2/repository/com/fasterxml/jackson/core/jackson-databind/2.3.3/jackson-databind-2.3.3.jar:/home/nvdk/.m2/repository/com/fasterxml/jackson/core/jackson-annotations/2.3.0/jackson-annotations-2.3.0.jar:/home/nvdk/.m2/repository/org/apache/httpcomponents/httpclient-cache/4.2.5/httpclient-cache-4.2.5.jar:/home/nvdk/.m2/repository/org/openrdf/sesame/sesame-runtime/2.8.1/sesame-runtime-2.8.1.jar:/home/nvdk/.m2/repository/org/openrdf/sesame/sesame-repository-contextaware/2.8.1/sesame-repository-contextaware-2.8.1.jar:/home/nvdk/.m2/repository/org/openrdf/sesame/sesame-sail-federation/2.8.1/sesame-sail-federation-2.8.1.jar:/home/nvdk/.m2/repository/org/openrdf/sesame/sesame-sail-inferencer/2.8.1/sesame-sail-inferencer-2.8.1.jar:/home/nvdk/.m2/repository/org/openrdf/sesame/sesame-sail-api/2.8.1/sesame-sail-api-2.8.1.jar:/home/nvdk/.m2/repository/org/openrdf/sesame/sesame-sail-memory/2.8.1/sesame-sail-memory-2.8.1.jar:/home/nvdk/.m2/repository/org/openrdf/sesame/sesame-sail-nativerdf/2.8.1/sesame-sail-nativerdf-2.8.1.jar:/home/nvdk/.m2/repository/org/openrdf/sesame/sesame-sail-rdbms/2.8.1/sesame-sail-rdbms-2.8.1.jar:/home/nvdk/.m2/repository/org/openrdf/sesame/sesame-util/2.8.1/sesame-util-2.8.1.jar:/home/nvdk/.m2/repository/eu/comsode/com.openlinksw.virtuoso.virt_sesame2/1.21-7-develop-SNAPSHOT/com.openlinksw.virtuoso.virt_sesame2-1.21-7-develop-SNAPSHOT.jar:/home/nvdk/.m2/repository/eu/comsode/com.openlinksw.virtuoso.virtjdbc4_1/3.76-7-develop-SNAPSHOT/com.openlinksw.virtuoso.virtjdbc4_1-3.76-7-develop-SNAPSHOT.jar:/home/nvdk/.m2/repository/org/apache/commons/commons-dbcp2/2.0.1/commons-dbcp2-2.0.1.jar:/home/nvdk/.m2/repository/org/apache/commons/commons-pool2/2.2/commons-pool2-2.2.jar:/home/nvdk/.m2/repository/xmlpull/xmlpull/1.1.3.1/xmlpull-1.1.3.1.jar:/home/nvdk/.m2/repository/xpp3/xpp3_min/1.1.4c/xpp3_min-1.1.4c.jar:/home/nvdk/.m2/repository/javax/activation/activation/1.1/activation-1.1.jar:/home/nvdk/.m2/repository/org/springframework/spring-asm/3.1.4.RELEASE/spring-asm-3.1.4.RELEASE.jar:/home/nvdk/.m2/repository/commons-logging/commons-logging/1.1.1/commons-logging-1.1.1.jar:/home/nvdk/.m2/repository/org/springframework/spring-aop/3.1.4.RELEASE/spring-aop-3.1.4.RELEASE.jar:/home/nvdk/.m2/repository/org/springframework/spring-expression/3.1.4.RELEASE/spring-expression-3.1.4.RELEASE.jar:/home/nvdk/.m2/repository/aopalliance/aopalliance/1.0/aopalliance-1.0.jar:/home/nvdk/.m2/repository/org/springframework/spring-jdbc/3.1.4.RELEASE/spring-jdbc-3.1.4.RELEASE.jar:/home/nvdk/.m2/repository/org/springframework/spring-context-support/3.1.4.RELEASE/spring-context-support-3.1.4.RELEASE.jar:/home/nvdk/.m2/repository/org/ow2/asm/asm/4.0/asm-4.0.jar:/home/nvdk/.m2/repository/org/ow2/asm/asm-tree/4.0/asm-tree-4.0.jar:/home/nvdk/.m2/repository/org/eclipse/persistence/org.eclipse.persistence.asm/2.5.2/org.eclipse.persistence.asm-2.5.2.jar:/home/nvdk/.m2/repository/org/eclipse/persistence/org.eclipse.persistence.antlr/2.5.2/org.eclipse.persistence.antlr-2.5.2.jar:/home/nvdk/.m2/repository/org/eclipse/persistence/org.eclipse.persistence.jpa.jpql/2.5.2/org.eclipse.persistence.jpa.jpql-2.5.2.jar:/home/nvdk/.m2/repository/net/java/dev/jna/jna/3.3.0/jna-3.3.0.jar:/home/nvdk/.m2/repository/net/java/dev/jna/jna/3.3.0/jna-3.3.0-platform.jar:/home/nvdk/.m2/repository/commons-pool/commons-pool/1.5.4/commons-pool-1.5.4.jar:/home/nvdk/.m2/repository/org/codehaus/plexus/plexus-utils/3.0.20/plexus-utils-3.0.20.jar:/home/nvdk/.m2/repository/org/apache/maven/reporting/maven-reporting-exec/1.1/maven-reporting-exec-1.1.jar:/home/nvdk/.m2/repository/org/apache/maven/reporting/maven-reporting-api/3.0/maven-reporting-api-3.0.jar:/home/nvdk/.m2/repository/org/apache/maven/shared/maven-shared-utils/0.3/maven-shared-utils-0.3.jar:/home/nvdk/.m2/repository/com/google/code/findbugs/jsr305/2.0.1/jsr305-2.0.1.jar:/home/nvdk/.m2/repository/org/codehaus/plexus/plexus-component-annotations/1.5.5/plexus-component-annotations-1.5.5.jar:/home/nvdk/.m2/repository/org/sonatype/aether/aether-util/1.7/aether-util-1.7.jar:/home/nvdk/.m2/repository/org/eclipse/aether/aether-util/0.9.0.M2/aether-util-0.9.0.M2.jar:/home/nvdk/.m2/repository/org/apache/maven/maven-core/3.0/maven-core-3.0.jar:/home/nvdk/.m2/repository/org/apache/maven/maven-repository-metadata/3.0/maven-repository-metadata-3.0.jar:/home/nvdk/.m2/repository/org/apache/maven/maven-model-builder/3.0/maven-model-builder-3.0.jar:/home/nvdk/.m2/repository/org/sonatype/aether/aether-impl/1.7/aether-impl-1.7.jar:/home/nvdk/.m2/repository/org/sonatype/aether/aether-spi/1.7/aether-spi-1.7.jar:/home/nvdk/.m2/repository/org/sonatype/aether/aether-api/1.7/aether-api-1.7.jar:/home/nvdk/.m2/repository/org/sonatype/sisu/sisu-inject-plexus/1.4.2/sisu-inject-plexus-1.4.2.jar:/home/nvdk/.m2/repository/org/sonatype/sisu/sisu-inject-bean/1.4.2/sisu-inject-bean-1.4.2.jar:/home/nvdk/.m2/repository/org/sonatype/sisu/sisu-guice/2.1.7/sisu-guice-2.1.7-noaop.jar:/home/nvdk/.m2/repository/org/codehaus/plexus/plexus-interpolation/1.14/plexus-interpolation-1.14.jar:/home/nvdk/.m2/repository/org/codehaus/plexus/plexus-classworlds/2.2.3/plexus-classworlds-2.2.3.jar:/home/nvdk/.m2/repository/org/sonatype/plexus/plexus-sec-dispatcher/1.3/plexus-sec-dispatcher-1.3.jar:/home/nvdk/.m2/repository/org/sonatype/plexus/plexus-cipher/1.4/plexus-cipher-1.4.jar:/home/nvdk/.m2/repository/org/apache/maven/maven-model/3.0/maven-model-3.0.jar:/home/nvdk/.m2/repository/org/apache/maven/maven-plugin-api/3.0/maven-plugin-api-3.0.jar:/home/nvdk/.m2/repository/org/apache/maven/maven-settings/3.0/maven-settings-3.0.jar:/home/nvdk/.m2/repository/org/apache/maven/maven-settings-builder/3.0/maven-settings-builder-3.0.jar:/home/nvdk/.m2/repository/org/apache/maven/maven-archiver/2.4.2/maven-archiver-2.4.2.jar:/home/nvdk/.m2/repository/org/apache/maven/doxia/doxia-sink-api/1.4/doxia-sink-api-1.4.jar:/home/nvdk/.m2/repository/org/apache/maven/doxia/doxia-logging-api/1.4/doxia-logging-api-1.4.jar:/home/nvdk/.m2/repository/org/codehaus/plexus/plexus-container-default/1.0-alpha-30/plexus-container-default-1.0-alpha-30.jar:/home/nvdk/.m2/repository/org/apache/maven/doxia/doxia-core/1.4/doxia-core-1.4.jar:/home/nvdk/.m2/repository/xerces/xercesImpl/2.9.1/xercesImpl-2.9.1.jar:/home/nvdk/.m2/repository/xml-apis/xml-apis/1.3.04/xml-apis-1.3.04.jar:/home/nvdk/.m2/repository/org/apache/httpcomponents/httpcore/4.0.1/httpcore-4.0.1.jar:/home/nvdk/.m2/repository/org/apache/maven/doxia/doxia-module-xhtml/1.4/doxia-module-xhtml-1.4.jar:/home/nvdk/.m2/repository/org/apache/maven/doxia/doxia-module-xdoc/1.4/doxia-module-xdoc-1.4.jar:/home/nvdk/.m2/repository/org/apache/maven/doxia/doxia-module-fml/1.4/doxia-module-fml-1.4.jar:/home/nvdk/.m2/repository/javax/servlet/servlet-api/2.5/servlet-api-2.5.jar:/home/nvdk/.m2/repository/org/apache/maven/doxia/doxia-decoration-model/1.4/doxia-decoration-model-1.4.jar:/home/nvdk/.m2/repository/org/apache/maven/doxia/doxia-site-renderer/1.4/doxia-site-renderer-1.4.jar:/home/nvdk/.m2/repository/org/apache/velocity/velocity-tools/2.0/velocity-tools-2.0.jar:/home/nvdk/.m2/repository/commons-beanutils/commons-beanutils/1.7.0/commons-beanutils-1.7.0.jar:/home/nvdk/.m2/repository/commons-digester/commons-digester/1.8/commons-digester-1.8.jar:/home/nvdk/.m2/repository/commons-chain/commons-chain/1.1/commons-chain-1.1.jar:/home/nvdk/.m2/repository/commons-validator/commons-validator/1.3.1/commons-validator-1.3.1.jar:/home/nvdk/.m2/repository/dom4j/dom4j/1.1/dom4j-1.1.jar:/home/nvdk/.m2/repository/sslext/sslext/1.2-0/sslext-1.2-0.jar:/home/nvdk/.m2/repository/org/apache/struts/struts-core/1.3.8/struts-core-1.3.8.jar:/home/nvdk/.m2/repository/antlr/antlr/2.7.2/antlr-2.7.2.jar:/home/nvdk/.m2/repository/org/apache/struts/struts-taglib/1.3.8/struts-taglib-1.3.8.jar:/home/nvdk/.m2/repository/org/apache/struts/struts-tiles/1.3.8/struts-tiles-1.3.8.jar:/home/nvdk/.m2/repository/commons-collections/commons-collections/3.2.1/commons-collections-3.2.1.jar:/home/nvdk/.m2/repository/org/apache/maven/doxia/doxia-integration-tools/1.5/doxia-integration-tools-1.5.jar:/home/nvdk/.m2/repository/org/apache/maven/wagon/wagon-provider-api/1.0/wagon-provider-api-1.0.jar:/home/nvdk/.m2/repository/org/codehaus/plexus/plexus-archiver/1.0/plexus-archiver-1.0.jar:/home/nvdk/.m2/repository/org/codehaus/plexus/plexus-io/1.0/plexus-io-1.0.jar:/home/nvdk/.m2/repository/org/codehaus/plexus/plexus-i18n/1.0-beta-7/plexus-i18n-1.0-beta-7.jar:/home/nvdk/.m2/repository/org/apache/velocity/velocity/1.5/velocity-1.5.jar:/home/nvdk/.m2/repository/oro/oro/2.0.8/oro-2.0.8.jar:/home/nvdk/.m2/repository/org/codehaus/plexus/plexus-velocity/1.1.8/plexus-velocity-1.1.8.jar:/home/nvdk/.m2/repository/org/mortbay/jetty/jetty/6.1.25/jetty-6.1.25.jar:/home/nvdk/.m2/repository/org/mortbay/jetty/servlet-api/2.5-20081211/servlet-api-2.5-20081211.jar:/home/nvdk/.m2/repository/org/mortbay/jetty/jetty-util/6.1.25/jetty-util-6.1.25.jar:/home/nvdk/.m2/repository/commons-lang/commons-lang/2.5/commons-lang-2.5.jar:/home/nvdk/Projects/unified-views-core/commons-app/target/classes
-inpath
/home/nvdk/.m2/repository/org/eclipse/persistence/org.eclipse.persistence.core/2.5.2/org.eclipse.persistence.core-2.5.2.jar
-aspectpath
/home/nvdk/.m2/repository/org/springframework/spring-aspects/3.1.4.RELEASE/spring-aspects-3.1.4.RELEASE.jar
-d
/home/nvdk/Projects/unified-views-core/commons-app/target/classes
/home/nvdk/Projects/unified-views-core/commons-app/src/main/java/cz/cuni/mff/xrg/odcs/commons/app/Application.java
/home/nvdk/Projects/unified-views-core/commons-app/src/main/java/cz/cuni/mff/xrg/odcs/commons/app/PerformanceSessionCustomizer.java
/home/nvdk/Projects/unified-views-core/commons-app/src/main/java/cz/cuni/mff/xrg/odcs/commons/app/ScheduledJobsPriority.java
/home/nvdk/Projects/unified-views-core/commons-app/src/main/java/cz/cuni/mff/xrg/odcs/commons/app/auth/AuthAwarePermissionEvaluator.java
/home/nvdk/Projects/unified-views-core/commons-app/src/main/java/cz/cuni/mff/xrg/odcs/commons/app/auth/AuthenticationContext.java
/home/nvdk/Projects/unified-views-core/commons-app/src/main/java/cz/cuni/mff/xrg/odcs/commons/app/auth/DefaultPermissionEvaluator.java
/home/nvdk/Projects/unified-views-core/commons-app/src/main/java/cz/cuni/mff/xrg/odcs/commons/app/auth/EntityPermissions.java
/home/nvdk/Projects/unified-views-core/commons-app/src/main/java/cz/cuni/mff/xrg/odcs/commons/app/auth/PasswordAuthenticationProvider.java
/home/nvdk/Projects/unified-views-core/commons-app/src/main/java/cz/cuni/mff/xrg/odcs/commons/app/auth/PasswordHash.java
/home/nvdk/Projects/unified-views-core/commons-app/src/main/java/cz/cuni/mff/xrg/odcs/commons/app/auth/PermissionUtils.java
/home/nvdk/Projects/unified-views-core/commons-app/src/main/java/cz/cuni/mff/xrg/odcs/commons/app/auth/ShareType.java
/home/nvdk/Projects/unified-views-core/commons-app/src/main/java/cz/cuni/mff/xrg/odcs/commons/app/auth/SharedEntity.java
/home/nvdk/Projects/unified-views-core/commons-app/src/main/java/cz/cuni/mff/xrg/odcs/commons/app/auth/package-info.java
/home/nvdk/Projects/unified-views-core/commons-app/src/main/java/cz/cuni/mff/xrg/odcs/commons/app/communication/EmailSender.java
/home/nvdk/Projects/unified-views-core/commons-app/src/main/java/cz/cuni/mff/xrg/odcs/commons/app/conf/AppConfig.java
/home/nvdk/Projects/unified-views-core/commons-app/src/main/java/cz/cuni/mff/xrg/odcs/commons/app/conf/ConfigFileNotFoundException.java
/home/nvdk/Projects/unified-views-core/commons-app/src/main/java/cz/cuni/mff/xrg/odcs/commons/app/conf/ConfigProperties.java
/home/nvdk/Projects/unified-views-core/commons-app/src/main/java/cz/cuni/mff/xrg/odcs/commons/app/conf/ConfigProperty.java
/home/nvdk/Projects/unified-views-core/commons-app/src/main/java/cz/cuni/mff/xrg/odcs/commons/app/conf/ConfigPropertyException.java
/home/nvdk/Projects/unified-views-core/commons-app/src/main/java/cz/cuni/mff/xrg/odcs/commons/app/conf/InvalidConfigPropertyException.java
/home/nvdk/Projects/unified-views-core/commons-app/src/main/java/cz/cuni/mff/xrg/odcs/commons/app/conf/MalformedConfigFileException.java
/home/nvdk/Projects/unified-views-core/commons-app/src/main/java/cz/cuni/mff/xrg/odcs/commons/app/conf/MissingConfigPropertyException.java
/home/nvdk/Projects/unified-views-core/commons-app/src/main/java/cz/cuni/mff/xrg/odcs/commons/app/constants/LenghtLimits.java
/home/nvdk/Projects/unified-views-core/commons-app/src/main/java/cz/cuni/mff/xrg/odcs/commons/app/constants/Ontology.java
/home/nvdk/Projects/unified-views-core/commons-app/src/main/java/cz/cuni/mff/xrg/odcs/commons/app/dao/DataAccess.java
/home/nvdk/Projects/unified-views-core/commons-app/src/main/java/cz/cuni/mff/xrg/odcs/commons/app/dao/DataAccessRead.java
/home/nvdk/Projects/unified-views-core/commons-app/src/main/java/cz/cuni/mff/xrg/odcs/commons/app/dao/DataObject.java
/home/nvdk/Projects/unified-views-core/commons-app/src/main/java/cz/cuni/mff/xrg/odcs/commons/app/dao/DataQuery.java
/home/nvdk/Projects/unified-views-core/commons-app/src/main/java/cz/cuni/mff/xrg/odcs/commons/app/dao/DataQueryBuilder.java
/home/nvdk/Projects/unified-views-core/commons-app/src/main/java/cz/cuni/mff/xrg/odcs/commons/app/dao/DataQueryCount.java
/home/nvdk/Projects/unified-views-core/commons-app/src/main/java/cz/cuni/mff/xrg/odcs/commons/app/dao/FilterType.java
/home/nvdk/Projects/unified-views-core/commons-app/src/main/java/cz/cuni/mff/xrg/odcs/commons/app/dao/db/DbAccess.java
/home/nvdk/Projects/unified-views-core/commons-app/src/main/java/cz/cuni/mff/xrg/odcs/commons/app/dao/db/DbAccessBase.java
/home/nvdk/Projects/unified-views-core/commons-app/src/main/java/cz/cuni/mff/xrg/odcs/commons/app/dao/db/DbAccessRead.java
/home/nvdk/Projects/unified-views-core/commons-app/src/main/java/cz/cuni/mff/xrg/odcs/commons/app/dao/db/DbAccessReadBase.java
/home/nvdk/Projects/unified-views-core/commons-app/src/main/java/cz/cuni/mff/xrg/odcs/commons/app/dao/db/DbAuthorizator.java
/home/nvdk/Projects/unified-views-core/commons-app/src/main/java/cz/cuni/mff/xrg/odcs/commons/app/dao/db/DbAuthorizatorImpl.java
/home/nvdk/Projects/unified-views-core/commons-app/src/main/java/cz/cuni/mff/xrg/odcs/commons/app/dao/db/DbQuery.java
/home/nvdk/Projects/unified-views-core/commons-app/src/main/java/cz/cuni/mff/xrg/odcs/commons/app/dao/db/DbQueryBuilder.java
/home/nvdk/Projects/unified-views-core/commons-app/src/main/java/cz/cuni/mff/xrg/odcs/commons/app/dao/db/DbQueryBuilderImpl.java
/home/nvdk/Projects/unified-views-core/commons-app/src/main/java/cz/cuni/mff/xrg/odcs/commons/app/dao/db/DbQueryCount.java
/home/nvdk/Projects/unified-views-core/commons-app/src/main/java/cz/cuni/mff/xrg/odcs/commons/app/dao/db/FilterExplanation.java
/home/nvdk/Projects/unified-views-core/commons-app/src/main/java/cz/cuni/mff/xrg/odcs/commons/app/dao/db/FilterTranslator.java
/home/nvdk/Projects/unified-views-core/commons-app/src/main/java/cz/cuni/mff/xrg/odcs/commons/app/dao/db/filter/BaseFilter.java
/home/nvdk/Projects/unified-views-core/commons-app/src/main/java/cz/cuni/mff/xrg/odcs/commons/app/dao/db/filter/BaseFilterTranslator.java
/home/nvdk/Projects/unified-views-core/commons-app/src/main/java/cz/cuni/mff/xrg/odcs/commons/app/dao/db/filter/Compare.java
/home/nvdk/Projects/unified-views-core/commons-app/src/main/java/cz/cuni/mff/xrg/odcs/commons/app/dao/db/filter/CompareType.java
/home/nvdk/Projects/unified-views-core/commons-app/src/main/java/cz/cuni/mff/xrg/odcs/commons/app/dao/db/package-info.java
/home/nvdk/Projects/unified-views-core/commons-app/src/main/java/cz/cuni/mff/xrg/odcs/commons/app/dao/package-info.java
/home/nvdk/Projects/unified-views-core/commons-app/src/main/java/cz/cuni/mff/xrg/odcs/commons/app/data/DataUnitDescription.java
/home/nvdk/Projects/unified-views-core/commons-app/src/main/java/cz/cuni/mff/xrg/odcs/commons/app/data/EdgeCompiler.java
/home/nvdk/Projects/unified-views-core/commons-app/src/main/java/cz/cuni/mff/xrg/odcs/commons/app/data/EdgeFormater.java
/home/nvdk/Projects/unified-views-core/commons-app/src/main/java/cz/cuni/mff/xrg/odcs/commons/app/data/EdgeInstructions.java
/home/nvdk/Projects/unified-views-core/commons-app/src/main/java/cz/cuni/mff/xrg/odcs/commons/app/data/handlers/LogAndIgnore.java
/home/nvdk/Projects/unified-views-core/commons-app/src/main/java/cz/cuni/mff/xrg/odcs/commons/app/data/handlers/StoreInvalidMappings.java
/home/nvdk/Projects/unified-views-core/commons-app/src/main/java/cz/cuni/mff/xrg/odcs/commons/app/dataunit/DataUnitFactory.java
/home/nvdk/Projects/unified-views-core/commons-app/src/main/java/cz/cuni/mff/xrg/odcs/commons/app/dataunit/DataUnitFactoryImpl.java
/home/nvdk/Projects/unified-views-core/commons-app/src/main/java/cz/cuni/mff/xrg/odcs/commons/app/dataunit/DataUnitTypeResolver.java
/home/nvdk/Projects/unified-views-core/commons-app/src/main/java/cz/cuni/mff/xrg/odcs/commons/app/dataunit/relational/RelationalRepositoryManager.java
/home/nvdk/Projects/unified-views-core/commons-app/src/main/java/cz/cuni/mff/xrg/odcs/commons/app/dpu/DPUExplorer.java
/home/nvdk/Projects/unified-views-core/commons-app/src/main/java/cz/cuni/mff/xrg/odcs/commons/app/dpu/DPUInstanceRecord.java
/home/nvdk/Projects/unified-views-core/commons-app/src/main/java/cz/cuni/mff/xrg/odcs/commons/app/dpu/DPURecord.java
/home/nvdk/Projects/unified-views-core/commons-app/src/main/java/cz/cuni/mff/xrg/odcs/commons/app/dpu/DPUTemplateRecord.java
/home/nvdk/Projects/unified-views-core/commons-app/src/main/java/cz/cuni/mff/xrg/odcs/commons/app/dpu/DPUType.java
/home/nvdk/Projects/unified-views-core/commons-app/src/main/java/cz/cuni/mff/xrg/odcs/commons/app/dpu/DbDPUInstanceRecord.java
/home/nvdk/Projects/unified-views-core/commons-app/src/main/java/cz/cuni/mff/xrg/odcs/commons/app/dpu/DbDPUInstanceRecordImpl.java
/home/nvdk/Projects/unified-views-core/commons-app/src/main/java/cz/cuni/mff/xrg/odcs/commons/app/dpu/DbDPUTemplateRecord.java
/home/nvdk/Projects/unified-views-core/commons-app/src/main/java/cz/cuni/mff/xrg/odcs/commons/app/dpu/DbDPUTemplateRecordImpl.java
/home/nvdk/Projects/unified-views-core/commons-app/src/main/java/cz/cuni/mff/xrg/odcs/commons/app/dpu/annotation/AnnotationContainer.java
/home/nvdk/Projects/unified-views-core/commons-app/src/main/java/cz/cuni/mff/xrg/odcs/commons/app/dpu/annotation/AnnotationGetter.java
/home/nvdk/Projects/unified-views-core/commons-app/src/main/java/cz/cuni/mff/xrg/odcs/commons/app/dpu/transfer/ExportService.java
/home/nvdk/Projects/unified-views-core/commons-app/src/main/java/cz/cuni/mff/xrg/odcs/commons/app/dpu/transfer/ImportService.java
/home/nvdk/Projects/unified-views-core/commons-app/src/main/java/cz/cuni/mff/xrg/odcs/commons/app/execution/DPUExecutionState.java
/home/nvdk/Projects/unified-views-core/commons-app/src/main/java/cz/cuni/mff/xrg/odcs/commons/app/execution/context/DataUnitInfo.java
/home/nvdk/Projects/unified-views-core/commons-app/src/main/java/cz/cuni/mff/xrg/odcs/commons/app/execution/context/DpuContextInfo.java
/home/nvdk/Projects/unified-views-core/commons-app/src/main/java/cz/cuni/mff/xrg/odcs/commons/app/execution/context/ExecutionContextInfo.java
/home/nvdk/Projects/unified-views-core/commons-app/src/main/java/cz/cuni/mff/xrg/odcs/commons/app/execution/context/ExecutionInfo.java
/home/nvdk/Projects/unified-views-core/commons-app/src/main/java/cz/cuni/mff/xrg/odcs/commons/app/execution/context/ProcessingUnitInfo.java
/home/nvdk/Projects/unified-views-core/commons-app/src/main/java/cz/cuni/mff/xrg/odcs/commons/app/execution/log/DbLogQuery.java
/home/nvdk/Projects/unified-views-core/commons-app/src/main/java/cz/cuni/mff/xrg/odcs/commons/app/execution/log/DbLogQueryBuilder.java
/home/nvdk/Projects/unified-views-core/commons-app/src/main/java/cz/cuni/mff/xrg/odcs/commons/app/execution/log/DbLogQueryCount.java
/home/nvdk/Projects/unified-views-core/commons-app/src/main/java/cz/cuni/mff/xrg/odcs/commons/app/execution/log/DbLogRead.java
/home/nvdk/Projects/unified-views-core/commons-app/src/main/java/cz/cuni/mff/xrg/odcs/commons/app/execution/log/DbLogReadImpl.java
/home/nvdk/Projects/unified-views-core/commons-app/src/main/java/cz/cuni/mff/xrg/odcs/commons/app/execution/log/Log.java
/home/nvdk/Projects/unified-views-core/commons-app/src/main/java/cz/cuni/mff/xrg/odcs/commons/app/execution/message/DbMessageRecord.java
/home/nvdk/Projects/unified-views-core/commons-app/src/main/java/cz/cuni/mff/xrg/odcs/commons/app/execution/message/DbMessageRecordImpl.java
/home/nvdk/Projects/unified-views-core/commons-app/src/main/java/cz/cuni/mff/xrg/odcs/commons/app/execution/message/MessageRecord.java
/home/nvdk/Projects/unified-views-core/commons-app/src/main/java/cz/cuni/mff/xrg/odcs/commons/app/execution/message/MessageRecordType.java
/home/nvdk/Projects/unified-views-core/commons-app/src/main/java/cz/cuni/mff/xrg/odcs/commons/app/execution/server/DbExecutionServer.java
/home/nvdk/Projects/unified-views-core/commons-app/src/main/java/cz/cuni/mff/xrg/odcs/commons/app/execution/server/DbExecutionServerImpl.java
/home/nvdk/Projects/unified-views-core/commons-app/src/main/java/cz/cuni/mff/xrg/odcs/commons/app/execution/server/ExecutionServer.java
/home/nvdk/Projects/unified-views-core/commons-app/src/main/java/cz/cuni/mff/xrg/odcs/commons/app/facade/DPUFacade.java
/home/nvdk/Projects/unified-views-core/commons-app/src/main/java/cz/cuni/mff/xrg/odcs/commons/app/facade/DPUFacadeImpl.java
/home/nvdk/Projects/unified-views-core/commons-app/src/main/java/cz/cuni/mff/xrg/odcs/commons/app/facade/ExecutionFacade.java
/home/nvdk/Projects/unified-views-core/commons-app/src/main/java/cz/cuni/mff/xrg/odcs/commons/app/facade/ExecutionFacadeImpl.java
/home/nvdk/Projects/unified-views-core/commons-app/src/main/java/cz/cuni/mff/xrg/odcs/commons/app/facade/Facade.java
/home/nvdk/Projects/unified-views-core/commons-app/src/main/java/cz/cuni/mff/xrg/odcs/commons/app/facade/LogFacade.java
/home/nvdk/Projects/unified-views-core/commons-app/src/main/java/cz/cuni/mff/xrg/odcs/commons/app/facade/LogFacadeImpl.java
/home/nvdk/Projects/unified-views-core/commons-app/src/main/java/cz/cuni/mff/xrg/odcs/commons/app/facade/ModuleFacade.java
/home/nvdk/Projects/unified-views-core/commons-app/src/main/java/cz/cuni/mff/xrg/odcs/commons/app/facade/NamespacePrefixFacade.java
/home/nvdk/Projects/unified-views-core/commons-app/src/main/java/cz/cuni/mff/xrg/odcs/commons/app/facade/NamespacePrefixFacadeImpl.java
/home/nvdk/Projects/unified-views-core/commons-app/src/main/java/cz/cuni/mff/xrg/odcs/commons/app/facade/PipelineFacade.java
/home/nvdk/Projects/unified-views-core/commons-app/src/main/java/cz/cuni/mff/xrg/odcs/commons/app/facade/PipelineFacadeImpl.java
/home/nvdk/Projects/unified-views-core/commons-app/src/main/java/cz/cuni/mff/xrg/odcs/commons/app/facade/RuntimePropertiesFacade.java
/home/nvdk/Projects/unified-views-core/commons-app/src/main/java/cz/cuni/mff/xrg/odcs/commons/app/facade/RuntimePropertiesFacadeImpl.java
/home/nvdk/Projects/unified-views-core/commons-app/src/main/java/cz/cuni/mff/xrg/odcs/commons/app/facade/ScheduleFacade.java
/home/nvdk/Projects/unified-views-core/commons-app/src/main/java/cz/cuni/mff/xrg/odcs/commons/app/facade/ScheduleFacadeImpl.java
/home/nvdk/Projects/unified-views-core/commons-app/src/main/java/cz/cuni/mff/xrg/odcs/commons/app/facade/UserFacade.java
/home/nvdk/Projects/unified-views-core/commons-app/src/main/java/cz/cuni/mff/xrg/odcs/commons/app/facade/UserFacadeImpl.java
/home/nvdk/Projects/unified-views-core/commons-app/src/main/java/cz/cuni/mff/xrg/odcs/commons/app/i18n/LocaleHolder.java
/home/nvdk/Projects/unified-views-core/commons-app/src/main/java/cz/cuni/mff/xrg/odcs/commons/app/i18n/Messages.java
/home/nvdk/Projects/unified-views-core/commons-app/src/main/java/cz/cuni/mff/xrg/odcs/commons/app/i18n/package-info.java
/home/nvdk/Projects/unified-views-core/commons-app/src/main/java/cz/cuni/mff/xrg/odcs/commons/app/module/DPUCreateException.java
/home/nvdk/Projects/unified-views-core/commons-app/src/main/java/cz/cuni/mff/xrg/odcs/commons/app/module/DPUJarNameFormatException.java
/home/nvdk/Projects/unified-views-core/commons-app/src/main/java/cz/cuni/mff/xrg/odcs/commons/app/module/DPUJarUtils.java
/home/nvdk/Projects/unified-views-core/commons-app/src/main/java/cz/cuni/mff/xrg/odcs/commons/app/module/DPUModuleManipulator.java
/home/nvdk/Projects/unified-views-core/commons-app/src/main/java/cz/cuni/mff/xrg/odcs/commons/app/module/DPUReplaceException.java
/home/nvdk/Projects/unified-views-core/commons-app/src/main/java/cz/cuni/mff/xrg/odcs/commons/app/module/DPUValidator.java
/home/nvdk/Projects/unified-views-core/commons-app/src/main/java/cz/cuni/mff/xrg/odcs/commons/app/module/DPUValidatorException.java
/home/nvdk/Projects/unified-views-core/commons-app/src/main/java/cz/cuni/mff/xrg/odcs/commons/app/module/ModuleChangeNotifier.java
/home/nvdk/Projects/unified-views-core/commons-app/src/main/java/cz/cuni/mff/xrg/odcs/commons/app/module/ModuleException.java
/home/nvdk/Projects/unified-views-core/commons-app/src/main/java/cz/cuni/mff/xrg/odcs/commons/app/module/event/ModuleDeleteEvent.java
/home/nvdk/Projects/unified-views-core/commons-app/src/main/java/cz/cuni/mff/xrg/odcs/commons/app/module/event/ModuleEvent.java
/home/nvdk/Projects/unified-views-core/commons-app/src/main/java/cz/cuni/mff/xrg/odcs/commons/app/module/event/ModuleNewEvent.java
/home/nvdk/Projects/unified-views-core/commons-app/src/main/java/cz/cuni/mff/xrg/odcs/commons/app/module/event/ModuleUpdateEvent.java
/home/nvdk/Projects/unified-views-core/commons-app/src/main/java/cz/cuni/mff/xrg/odcs/commons/app/module/impl/FileNotifierClient.java
/home/nvdk/Projects/unified-views-core/commons-app/src/main/java/cz/cuni/mff/xrg/odcs/commons/app/module/impl/FileNotifierServer.java
/home/nvdk/Projects/unified-views-core/commons-app/src/main/java/cz/cuni/mff/xrg/odcs/commons/app/module/osgi/BundleContainer.java
/home/nvdk/Projects/unified-views-core/commons-app/src/main/java/cz/cuni/mff/xrg/odcs/commons/app/module/osgi/FrameworkStartFailedException.java
/home/nvdk/Projects/unified-views-core/commons-app/src/main/java/cz/cuni/mff/xrg/odcs/commons/app/module/osgi/OSGIChangeManager.java
/home/nvdk/Projects/unified-views-core/commons-app/src/main/java/cz/cuni/mff/xrg/odcs/commons/app/module/osgi/OSGIModuleFacade.java
/home/nvdk/Projects/unified-views-core/commons-app/src/main/java/cz/cuni/mff/xrg/odcs/commons/app/module/osgi/OSGIModuleFacadeConfig.java
/home/nvdk/Projects/unified-views-core/commons-app/src/main/java/cz/cuni/mff/xrg/odcs/commons/app/module/osgi/OSGISystemPackages.java
/home/nvdk/Projects/unified-views-core/commons-app/src/main/java/cz/cuni/mff/xrg/odcs/commons/app/module/osgi/packages/commons.java
/home/nvdk/Projects/unified-views-core/commons-app/src/main/java/cz/cuni/mff/xrg/odcs/commons/app/module/osgi/packages/commons_module.java
/home/nvdk/Projects/unified-views-core/commons-app/src/main/java/cz/cuni/mff/xrg/odcs/commons/app/module/osgi/packages/commons_web.java
/home/nvdk/Projects/unified-views-core/commons-app/src/main/java/cz/cuni/mff/xrg/odcs/commons/app/module/osgi/packages/openrdf.java
/home/nvdk/Projects/unified-views-core/commons-app/src/main/java/cz/cuni/mff/xrg/odcs/commons/app/module/osgi/packages/rdf.java
/home/nvdk/Projects/unified-views-core/commons-app/src/main/java/cz/cuni/mff/xrg/odcs/commons/app/module/osgi/packages/relational.java
/home/nvdk/Projects/unified-views-core/commons-app/src/main/java/cz/cuni/mff/xrg/odcs/commons/app/module/osgi/packages/vaadin.java
/home/nvdk/Projects/unified-views-core/commons-app/src/main/java/cz/cuni/mff/xrg/odcs/commons/app/pipeline/DbExecution.java
/home/nvdk/Projects/unified-views-core/commons-app/src/main/java/cz/cuni/mff/xrg/odcs/commons/app/pipeline/DbExecutionImpl.java
/home/nvdk/Projects/unified-views-core/commons-app/src/main/java/cz/cuni/mff/xrg/odcs/commons/app/pipeline/DbOpenEvent.java
/home/nvdk/Projects/unified-views-core/commons-app/src/main/java/cz/cuni/mff/xrg/odcs/commons/app/pipeline/DbOpenEventImpl.java
/home/nvdk/Projects/unified-views-core/commons-app/src/main/java/cz/cuni/mff/xrg/odcs/commons/app/pipeline/DbPipeline.java
/home/nvdk/Projects/unified-views-core/commons-app/src/main/java/cz/cuni/mff/xrg/odcs/commons/app/pipeline/DbPipelineImpl.java
/home/nvdk/Projects/unified-views-core/commons-app/src/main/java/cz/cuni/mff/xrg/odcs/commons/app/pipeline/OpenEvent.java
/home/nvdk/Projects/unified-views-core/commons-app/src/main/java/cz/cuni/mff/xrg/odcs/commons/app/pipeline/Pipeline.java
/home/nvdk/Projects/unified-views-core/commons-app/src/main/java/cz/cuni/mff/xrg/odcs/commons/app/pipeline/PipelineExecution.java
/home/nvdk/Projects/unified-views-core/commons-app/src/main/java/cz/cuni/mff/xrg/odcs/commons/app/pipeline/PipelineExecutionStatus.java
/home/nvdk/Projects/unified-views-core/commons-app/src/main/java/cz/cuni/mff/xrg/odcs/commons/app/pipeline/PipelineValidator.java
/home/nvdk/Projects/unified-views-core/commons-app/src/main/java/cz/cuni/mff/xrg/odcs/commons/app/pipeline/graph/DependencyGraph.java
/home/nvdk/Projects/unified-views-core/commons-app/src/main/java/cz/cuni/mff/xrg/odcs/commons/app/pipeline/graph/DependencyNode.java
/home/nvdk/Projects/unified-views-core/commons-app/src/main/java/cz/cuni/mff/xrg/odcs/commons/app/pipeline/graph/Edge.java
/home/nvdk/Projects/unified-views-core/commons-app/src/main/java/cz/cuni/mff/xrg/odcs/commons/app/pipeline/graph/GraphIterator.java
/home/nvdk/Projects/unified-views-core/commons-app/src/main/java/cz/cuni/mff/xrg/odcs/commons/app/pipeline/graph/Node.java
/home/nvdk/Projects/unified-views-core/commons-app/src/main/java/cz/cuni/mff/xrg/odcs/commons/app/pipeline/graph/PipelineGraph.java
/home/nvdk/Projects/unified-views-core/commons-app/src/main/java/cz/cuni/mff/xrg/odcs/commons/app/pipeline/graph/Position.java
/home/nvdk/Projects/unified-views-core/commons-app/src/main/java/cz/cuni/mff/xrg/odcs/commons/app/pipeline/transfer/ArchiveStructure.java
/home/nvdk/Projects/unified-views-core/commons-app/src/main/java/cz/cuni/mff/xrg/odcs/commons/app/pipeline/transfer/DpuItem.java
/home/nvdk/Projects/unified-views-core/commons-app/src/main/java/cz/cuni/mff/xrg/odcs/commons/app/pipeline/transfer/ExportException.java
/home/nvdk/Projects/unified-views-core/commons-app/src/main/java/cz/cuni/mff/xrg/odcs/commons/app/pipeline/transfer/ExportService.java
/home/nvdk/Projects/unified-views-core/commons-app/src/main/java/cz/cuni/mff/xrg/odcs/commons/app/pipeline/transfer/ExportSetting.java
/home/nvdk/Projects/unified-views-core/commons-app/src/main/java/cz/cuni/mff/xrg/odcs/commons/app/pipeline/transfer/ImportException.java
/home/nvdk/Projects/unified-views-core/commons-app/src/main/java/cz/cuni/mff/xrg/odcs/commons/app/pipeline/transfer/ImportService.java
/home/nvdk/Projects/unified-views-core/commons-app/src/main/java/cz/cuni/mff/xrg/odcs/commons/app/pipeline/transfer/ImportStrategy.java
/home/nvdk/Projects/unified-views-core/commons-app/src/main/java/cz/cuni/mff/xrg/odcs/commons/app/pipeline/transfer/ImportedFileInformation.java
/home/nvdk/Projects/unified-views-core/commons-app/src/main/java/cz/cuni/mff/xrg/odcs/commons/app/pipeline/transfer/VersionConflictInformation.java
/home/nvdk/Projects/unified-views-core/commons-app/src/main/java/cz/cuni/mff/xrg/odcs/commons/app/pipeline/transfer/ZipCommons.java
/home/nvdk/Projects/unified-views-core/commons-app/src/main/java/cz/cuni/mff/xrg/odcs/commons/app/pipeline/transfer/xstream/AllowedFieldsFilter.java
/home/nvdk/Projects/unified-views-core/commons-app/src/main/java/cz/cuni/mff/xrg/odcs/commons/app/pipeline/transfer/xstream/ClassFilter.java
/home/nvdk/Projects/unified-views-core/commons-app/src/main/java/cz/cuni/mff/xrg/odcs/commons/app/pipeline/transfer/xstream/JPAXStream.java
/home/nvdk/Projects/unified-views-core/commons-app/src/main/java/cz/cuni/mff/xrg/odcs/commons/app/pipeline/transfer/xstream/MemberFilter.java
/home/nvdk/Projects/unified-views-core/commons-app/src/main/java/cz/cuni/mff/xrg/odcs/commons/app/pipeline/transfer/xstream/NameFilter.java
/home/nvdk/Projects/unified-views-core/commons-app/src/main/java/cz/cuni/mff/xrg/odcs/commons/app/properties/DbRuntimeProperties.java
/home/nvdk/Projects/unified-views-core/commons-app/src/main/java/cz/cuni/mff/xrg/odcs/commons/app/properties/DbRuntimePropertiesImpl.java
/home/nvdk/Projects/unified-views-core/commons-app/src/main/java/cz/cuni/mff/xrg/odcs/commons/app/properties/Property.java
/home/nvdk/Projects/unified-views-core/commons-app/src/main/java/cz/cuni/mff/xrg/odcs/commons/app/properties/RuntimeProperty.java
/home/nvdk/Projects/unified-views-core/commons-app/src/main/java/cz/cuni/mff/xrg/odcs/commons/app/rdf/RepositoryManager.java
/home/nvdk/Projects/unified-views-core/commons-app/src/main/java/cz/cuni/mff/xrg/odcs/commons/app/rdf/namespace/DbNamespacePrefix.java
/home/nvdk/Projects/unified-views-core/commons-app/src/main/java/cz/cuni/mff/xrg/odcs/commons/app/rdf/namespace/DbNamespacePrefixImpl.java
/home/nvdk/Projects/unified-views-core/commons-app/src/main/java/cz/cuni/mff/xrg/odcs/commons/app/rdf/namespace/NamespacePrefix.java
/home/nvdk/Projects/unified-views-core/commons-app/src/main/java/cz/cuni/mff/xrg/odcs/commons/app/resource/MissingResourceException.java
/home/nvdk/Projects/unified-views-core/commons-app/src/main/java/cz/cuni/mff/xrg/odcs/commons/app/resource/ResourceManager.java
/home/nvdk/Projects/unified-views-core/commons-app/src/main/java/cz/cuni/mff/xrg/odcs/commons/app/scheduling/DbSchedule.java
/home/nvdk/Projects/unified-views-core/commons-app/src/main/java/cz/cuni/mff/xrg/odcs/commons/app/scheduling/DbScheduleImpl.java
/home/nvdk/Projects/unified-views-core/commons-app/src/main/java/cz/cuni/mff/xrg/odcs/commons/app/scheduling/DbScheduleNotification.java
/home/nvdk/Projects/unified-views-core/commons-app/src/main/java/cz/cuni/mff/xrg/odcs/commons/app/scheduling/DbScheduleNotificationImpl.java
/home/nvdk/Projects/unified-views-core/commons-app/src/main/java/cz/cuni/mff/xrg/odcs/commons/app/scheduling/PeriodUnit.java
/home/nvdk/Projects/unified-views-core/commons-app/src/main/java/cz/cuni/mff/xrg/odcs/commons/app/scheduling/Schedule.java
/home/nvdk/Projects/unified-views-core/commons-app/src/main/java/cz/cuni/mff/xrg/odcs/commons/app/scheduling/ScheduleNextRun.java
/home/nvdk/Projects/unified-views-core/commons-app/src/main/java/cz/cuni/mff/xrg/odcs/commons/app/scheduling/ScheduleNotificationRecord.java
/home/nvdk/Projects/unified-views-core/commons-app/src/main/java/cz/cuni/mff/xrg/odcs/commons/app/scheduling/ScheduleType.java
/home/nvdk/Projects/unified-views-core/commons-app/src/main/java/cz/cuni/mff/xrg/odcs/commons/app/user/DbRoleEntity.java
/home/nvdk/Projects/unified-views-core/commons-app/src/main/java/cz/cuni/mff/xrg/odcs/commons/app/user/DbRoleEntityImpl.java
/home/nvdk/Projects/unified-views-core/commons-app/src/main/java/cz/cuni/mff/xrg/odcs/commons/app/user/DbUser.java
/home/nvdk/Projects/unified-views-core/commons-app/src/main/java/cz/cuni/mff/xrg/odcs/commons/app/user/DbUserActor.java
/home/nvdk/Projects/unified-views-core/commons-app/src/main/java/cz/cuni/mff/xrg/odcs/commons/app/user/DbUserActorImpl.java
/home/nvdk/Projects/unified-views-core/commons-app/src/main/java/cz/cuni/mff/xrg/odcs/commons/app/user/DbUserImpl.java
/home/nvdk/Projects/unified-views-core/commons-app/src/main/java/cz/cuni/mff/xrg/odcs/commons/app/user/DbUserNotification.java
/home/nvdk/Projects/unified-views-core/commons-app/src/main/java/cz/cuni/mff/xrg/odcs/commons/app/user/DbUserNotificationRecordImpl.java
/home/nvdk/Projects/unified-views-core/commons-app/src/main/java/cz/cuni/mff/xrg/odcs/commons/app/user/EmailAddress.java
/home/nvdk/Projects/unified-views-core/commons-app/src/main/java/cz/cuni/mff/xrg/odcs/commons/app/user/MalformedEmailAddressException.java
/home/nvdk/Projects/unified-views-core/commons-app/src/main/java/cz/cuni/mff/xrg/odcs/commons/app/user/NotificationRecord.java
/home/nvdk/Projects/unified-views-core/commons-app/src/main/java/cz/cuni/mff/xrg/odcs/commons/app/user/NotificationRecordType.java
/home/nvdk/Projects/unified-views-core/commons-app/src/main/java/cz/cuni/mff/xrg/odcs/commons/app/user/OwnedEntity.java
/home/nvdk/Projects/unified-views-core/commons-app/src/main/java/cz/cuni/mff/xrg/odcs/commons/app/user/Permission.java
/home/nvdk/Projects/unified-views-core/commons-app/src/main/java/cz/cuni/mff/xrg/odcs/commons/app/user/Role.java
/home/nvdk/Projects/unified-views-core/commons-app/src/main/java/cz/cuni/mff/xrg/odcs/commons/app/user/RoleEntity.java
/home/nvdk/Projects/unified-views-core/commons-app/src/main/java/cz/cuni/mff/xrg/odcs/commons/app/user/User.java
/home/nvdk/Projects/unified-views-core/commons-app/src/main/java/cz/cuni/mff/xrg/odcs/commons/app/user/UserActor.java
/home/nvdk/Projects/unified-views-core/commons-app/src/main/java/cz/cuni/mff/xrg/odcs/commons/app/user/UserNotificationRecord.java
/home/nvdk/Projects/unified-views-core/commons-app/src/main/java/cz/cuni/mff/xrg/odcs/rdf/repositories/GraphUrl.java
/home/nvdk/Projects/unified-views-core/commons-app/src/main/java/cz/cuni/mff/xrg/odcs/rdf/repositories/MyRDFHandler.java
/home/nvdk/Projects/unified-views-core/commons-app/src/main/java/cz/cuni/mff/xrg/odcs/rdf/repositories/OrderTupleQueryResultImpl.java
/home/nvdk/Projects/unified-views-core/commons-app/src/main/java/eu/unifiedviews/commons/dao/view/ExecutionView.java
/home/nvdk/Projects/unified-views-core/commons-app/src/main/java/eu/unifiedviews/commons/dao/view/PipelineView.java
/home/nvdk/Projects/unified-views-core/commons-app/src/main/java/eu/unifiedviews/commons/dataunit/core/CoreServiceBusImpl.java
/home/nvdk/Projects/unified-views-core/commons-app/src/main/java/eu/unifiedviews/commons/dataunit/core/FaultTolerantImpl.java
/home/nvdk/Projects/unified-views-core/commons-app/src/main/java/eu/unifiedviews/commons/util/Cryptography.java
/home/nvdk/Projects/unified-views-core/commons-app/src/main/java/eu/unifiedviews/commons/util/DbPropertiesTableUtils.java
/home/nvdk/Projects/unified-views-core/commons-app/src/main/java/org/eclipse/persistence/logging/Slf4jSessionLogger.java
